{
  "C:/Users/zheng/Desktop/sccGroupAssignment/scc-project-vue3-realworld-example-app/src/components/AppLink.vue": {
    "path": "C:/Users/zheng/Desktop/sccGroupAssignment/scc-project-vue3-realworld-example-app/src/components/AppLink.vue",
    "statementMap": {
      "0": {
        "start": {
          "line": 2,
          "column": 18
        },
        "end": {
          "line": 15,
          "column": 2
        }
      },
      "1": {
        "start": {
          "line": 6,
          "column": 61
        },
        "end": {
          "line": 6,
          "column": 63
        }
      },
      "2": {
        "start": {
          "line": 9,
          "column": 4
        },
        "end": {
          "line": 9,
          "column": 13
        }
      },
      "3": {
        "start": {
          "line": 10,
          "column": 18
        },
        "end": {
          "line": 10,
          "column": 25
        }
      },
      "4": {
        "start": {
          "line": 11,
          "column": 25
        },
        "end": {
          "line": 11,
          "column": 34
        }
      },
      "5": {
        "start": {
          "line": 12,
          "column": 4
        },
        "end": {
          "line": 12,
          "column": 95
        }
      },
      "6": {
        "start": {
          "line": 13,
          "column": 4
        },
        "end": {
          "line": 13,
          "column": 24
        }
      },
      "7": {
        "start": {
          "line": 18,
          "column": 32
        },
        "end": {
          "line": 18,
          "column": 63
        }
      },
      "8": {
        "start": {
          "line": 19,
          "column": 2
        },
        "end": {
          "line": 27,
          "column": 24
        }
      },
      "9": {
        "start": {
          "line": 23,
          "column": 28
        },
        "end": {
          "line": 25,
          "column": 5
        }
      },
      "10": {
        "start": {
          "line": 29,
          "column": 0
        },
        "end": {
          "line": 29,
          "column": 31
        }
      },
      "11": {
        "start": {
          "line": 30,
          "column": 0
        },
        "end": {
          "line": 30,
          "column": 109
        }
      },
      "12": {
        "start": {
          "line": 31,
          "column": 0
        },
        "end": {
          "line": 40,
          "column": 3
        }
      },
      "13": {
        "start": {
          "line": 32,
          "column": 2
        },
        "end": {
          "line": 33,
          "column": 11
        }
      },
      "14": {
        "start": {
          "line": 33,
          "column": 4
        },
        "end": {
          "line": 33,
          "column": 11
        }
      },
      "15": {
        "start": {
          "line": 34,
          "column": 47
        },
        "end": {
          "line": 34,
          "column": 50
        }
      },
      "16": {
        "start": {
          "line": 35,
          "column": 2
        },
        "end": {
          "line": 39,
          "column": 3
        }
      },
      "17": {
        "start": {
          "line": 36,
          "column": 4
        },
        "end": {
          "line": 36,
          "column": 66
        }
      },
      "18": {
        "start": {
          "line": 38,
          "column": 4
        },
        "end": {
          "line": 38,
          "column": 57
        }
      }
    },
    "fnMap": {
      "0": {
        "name": "(anonymous_0)",
        "decl": {
          "start": {
            "line": 6,
            "column": 54
          },
          "end": {
            "line": 6,
            "column": 55
          }
        },
        "loc": {
          "start": {
            "line": 6,
            "column": 61
          },
          "end": {
            "line": 6,
            "column": 63
          }
        },
        "line": 6
      },
      "1": {
        "name": "(anonymous_1)",
        "decl": {
          "start": {
            "line": 8,
            "column": 2
          },
          "end": {
            "line": 8,
            "column": 3
          }
        },
        "loc": {
          "start": {
            "line": 8,
            "column": 29
          },
          "end": {
            "line": 14,
            "column": 3
          }
        },
        "line": 8
      },
      "2": {
        "name": "_sfc_render",
        "decl": {
          "start": {
            "line": 17,
            "column": 9
          },
          "end": {
            "line": 17,
            "column": 20
          }
        },
        "loc": {
          "start": {
            "line": 17,
            "column": 68
          },
          "end": {
            "line": 28,
            "column": 1
          }
        },
        "line": 17
      },
      "3": {
        "name": "(anonymous_3)",
        "decl": {
          "start": {
            "line": 23,
            "column": 22
          },
          "end": {
            "line": 23,
            "column": 23
          }
        },
        "loc": {
          "start": {
            "line": 23,
            "column": 28
          },
          "end": {
            "line": 25,
            "column": 5
          }
        },
        "line": 23
      },
      "4": {
        "name": "(anonymous_4)",
        "decl": {
          "start": {
            "line": 31,
            "column": 23
          },
          "end": {
            "line": 31,
            "column": 24
          }
        },
        "loc": {
          "start": {
            "line": 31,
            "column": 32
          },
          "end": {
            "line": 40,
            "column": 1
          }
        },
        "line": 31
      }
    },
    "branchMap": {
      "0": {
        "loc": {
          "start": {
            "line": 30,
            "column": 0
          },
          "end": {
            "line": 30,
            "column": 108
          }
        },
        "type": "binary-expr",
        "locations": [
          {
            "start": {
              "line": 30,
              "column": 0
            },
            "end": {
              "line": 30,
              "column": 42
            }
          },
          {
            "start": {
              "line": 30,
              "column": 46
            },
            "end": {
              "line": 30,
              "column": 108
            }
          }
        ],
        "line": 30
      },
      "1": {
        "loc": {
          "start": {
            "line": 32,
            "column": 2
          },
          "end": {
            "line": 33,
            "column": 11
          }
        },
        "type": "if",
        "locations": [
          {
            "start": {
              "line": 32,
              "column": 2
            },
            "end": {
              "line": 33,
              "column": 11
            }
          },
          {
            "start": {},
            "end": {}
          }
        ],
        "line": 32
      },
      "2": {
        "loc": {
          "start": {
            "line": 35,
            "column": 2
          },
          "end": {
            "line": 39,
            "column": 3
          }
        },
        "type": "if",
        "locations": [
          {
            "start": {
              "line": 35,
              "column": 2
            },
            "end": {
              "line": 39,
              "column": 3
            }
          },
          {
            "start": {
              "line": 37,
              "column": 9
            },
            "end": {
              "line": 39,
              "column": 3
            }
          }
        ],
        "line": 35
      }
    },
    "s": {
      "0": 2,
      "1": 2,
      "2": 2,
      "3": 2,
      "4": 2,
      "5": 2,
      "6": 2,
      "7": 2,
      "8": 2,
      "9": 4,
      "10": 2,
      "11": 2,
      "12": 2,
      "13": 0,
      "14": 0,
      "15": 0,
      "16": 0,
      "17": 0,
      "18": 0
    },
    "f": {
      "0": 2,
      "1": 2,
      "2": 2,
      "3": 4,
      "4": 0
    },
    "b": {
      "0": [
        2,
        2
      ],
      "1": [
        0,
        0
      ],
      "2": [
        0,
        0
      ]
    },
    "inputSourceMap": {
      "version": 3,
      "mappings": ";;;;;;;;;;;;;;;;;;uBACE,aAKa;AAAA,IAJV,cAAY,aAAM;AAAA,IAClB,IAAI;AAAA;sBAEL,MAAQ;AAAA,MAAR,YAAQ;AAAA",
      "names": [],
      "sources": [
        "C:/Users/zheng/Desktop/sccGroupAssignment/scc-project-vue3-realworld-example-app/src/components/AppLink.vue"
      ],
      "file": "C:/Users/zheng/Desktop/sccGroupAssignment/scc-project-vue3-realworld-example-app/src/components/AppLink.vue"
    },
    "_coverageSchema": "1a1c01bbd47fc00a2c39e90264f33305004495a9",
    "hash": "1bbbe9986d32d883fa90ee8c01e38c4a46847fbb"
  },
  "C:/Users/zheng/Desktop/sccGroupAssignment/scc-project-vue3-realworld-example-app/src/plugins/global-components.ts": {
    "path": "C:/Users/zheng/Desktop/sccGroupAssignment/scc-project-vue3-realworld-example-app/src/plugins/global-components.ts",
    "statementMap": {
      "0": {
        "start": {
          "line": 3,
          "column": 2
        },
        "end": {
          "line": 3,
          "column": 36
        }
      }
    },
    "fnMap": {
      "0": {
        "name": "registerGlobalComponents",
        "decl": {
          "start": {
            "line": 2,
            "column": 24
          },
          "end": {
            "line": 2,
            "column": 48
          }
        },
        "loc": {
          "start": {
            "line": 2,
            "column": 54
          },
          "end": {
            "line": 4,
            "column": 1
          }
        },
        "line": 2
      }
    },
    "branchMap": {},
    "s": {
      "0": 2
    },
    "f": {
      "0": 2
    },
    "b": {},
    "inputSourceMap": {
      "version": 3,
      "sources": [
        "C:/Users/zheng/Desktop/sccGroupAssignment/scc-project-vue3-realworld-example-app/src/plugins/global-components.ts"
      ],
      "mappings": "AAAA,OAAO,aAAa;AAGpB,wBAAwB,yBAA0B,KAAgB;AAChE,MAAI,UAAU,WAAW,OAAO;AAClC;",
      "names": []
    },
    "_coverageSchema": "1a1c01bbd47fc00a2c39e90264f33305004495a9",
    "hash": "19280ba672cee5c530ffcd7b713bd33e2275311f"
  },
  "C:/Users/zheng/Desktop/sccGroupAssignment/scc-project-vue3-realworld-example-app/src/config.ts": {
    "path": "C:/Users/zheng/Desktop/sccGroupAssignment/scc-project-vue3-realworld-example-app/src/config.ts",
    "statementMap": {
      "0": {
        "start": {
          "line": 1,
          "column": 22
        },
        "end": {
          "line": 3,
          "column": 1
        }
      }
    },
    "fnMap": {},
    "branchMap": {
      "0": {
        "loc": {
          "start": {
            "line": 2,
            "column": 12
          },
          "end": {
            "line": 2,
            "column": 47
          }
        },
        "type": "binary-expr",
        "locations": [
          {
            "start": {
              "line": 2,
              "column": 12
            },
            "end": {
              "line": 2,
              "column": 41
            }
          },
          {
            "start": {
              "line": 2,
              "column": 45
            },
            "end": {
              "line": 2,
              "column": 47
            }
          }
        ],
        "line": 2
      }
    },
    "s": {
      "0": 2
    },
    "f": {},
    "b": {
      "0": [
        2,
        0
      ]
    },
    "inputSourceMap": {
      "version": 3,
      "sources": [
        "C:/Users/zheng/Desktop/sccGroupAssignment/scc-project-vue3-realworld-example-app/src/config.ts"
      ],
      "mappings": "AAAO,aAAM,SAAS;AAAA,EAEpB,UAAU,YAAY,IAAI,iBAAiB;AAC7C;",
      "names": []
    },
    "_coverageSchema": "1a1c01bbd47fc00a2c39e90264f33305004495a9",
    "hash": "301dd815294ddb7eb53073b5e43b3da178f75cc3"
  },
  "C:/Users/zheng/Desktop/sccGroupAssignment/scc-project-vue3-realworld-example-app/src/services/api.ts": {
    "path": "C:/Users/zheng/Desktop/sccGroupAssignment/scc-project-vue3-realworld-example-app/src/services/api.ts",
    "statementMap": {
      "0": {
        "start": {
          "line": 1,
          "column": 41
        },
        "end": {
          "line": 7,
          "column": 21
        }
      },
      "1": {
        "start": {
          "line": 2,
          "column": 2
        },
        "end": {
          "line": 2,
          "column": 44
        }
      },
      "2": {
        "start": {
          "line": 3,
          "column": 2
        },
        "end": {
          "line": 3,
          "column": 51
        }
      },
      "3": {
        "start": {
          "line": 4,
          "column": 2
        },
        "end": {
          "line": 4,
          "column": 67
        }
      },
      "4": {
        "start": {
          "line": 5,
          "column": 2
        },
        "end": {
          "line": 5,
          "column": 38
        }
      },
      "5": {
        "start": {
          "line": 6,
          "column": 2
        },
        "end": {
          "line": 6,
          "column": 22
        }
      },
      "6": {
        "start": {
          "line": 9,
          "column": 12
        },
        "end": {
          "line": 9,
          "column": 18
        }
      },
      "7": {
        "start": {
          "line": 10,
          "column": 17
        },
        "end": {
          "line": 10,
          "column": 21
        }
      },
      "8": {
        "start": {
          "line": 12,
          "column": 37
        },
        "end": {
          "line": 12,
          "column": 46
        }
      },
      "9": {
        "start": {
          "line": 13,
          "column": 16
        },
        "end": {
          "line": 13,
          "column": 57
        }
      },
      "10": {
        "start": {
          "line": 13,
          "column": 36
        },
        "end": {
          "line": 13,
          "column": 57
        }
      },
      "11": {
        "start": {
          "line": 14,
          "column": 18
        },
        "end": {
          "line": 19,
          "column": 3
        }
      },
      "12": {
        "start": {
          "line": 21,
          "column": 4
        },
        "end": {
          "line": 21,
          "column": 35
        }
      },
      "13": {
        "start": {
          "line": 23,
          "column": 20
        },
        "end": {
          "line": 25,
          "column": 3
        }
      },
      "14": {
        "start": {
          "line": 24,
          "column": 4
        },
        "end": {
          "line": 24,
          "column": 29
        }
      },
      "15": {
        "start": {
          "line": 27,
          "column": 23
        },
        "end": {
          "line": 27,
          "column": 46
        }
      },
      "16": {
        "start": {
          "line": 28,
          "column": 4
        },
        "end": {
          "line": 28,
          "column": 97
        }
      },
      "17": {
        "start": {
          "line": 31,
          "column": 4
        },
        "end": {
          "line": 31,
          "column": 50
        }
      },
      "18": {
        "start": {
          "line": 34,
          "column": 18
        },
        "end": {
          "line": 34,
          "column": 28
        }
      },
      "19": {
        "start": {
          "line": 35,
          "column": 4
        },
        "end": {
          "line": 35,
          "column": 69
        }
      },
      "20": {
        "start": {
          "line": 35,
          "column": 28
        },
        "end": {
          "line": 35,
          "column": 57
        }
      },
      "21": {
        "start": {
          "line": 38,
          "column": 18
        },
        "end": {
          "line": 38,
          "column": 32
        }
      },
      "22": {
        "start": {
          "line": 39,
          "column": 17
        },
        "end": {
          "line": 39,
          "column": 86
        }
      },
      "23": {
        "start": {
          "line": 39,
          "column": 52
        },
        "end": {
          "line": 39,
          "column": 85
        }
      },
      "24": {
        "start": {
          "line": 40,
          "column": 4
        },
        "end": {
          "line": 40,
          "column": 137
        }
      },
      "25": {
        "start": {
          "line": 40,
          "column": 29
        },
        "end": {
          "line": 40,
          "column": 125
        }
      },
      "26": {
        "start": {
          "line": 43,
          "column": 24
        },
        "end": {
          "line": 43,
          "column": 52
        }
      },
      "27": {
        "start": {
          "line": 44,
          "column": 4
        },
        "end": {
          "line": 44,
          "column": 48
        }
      },
      "28": {
        "start": {
          "line": 46,
          "column": 22
        },
        "end": {
          "line": 58,
          "column": 3
        }
      },
      "29": {
        "start": {
          "line": 47,
          "column": 48
        },
        "end": {
          "line": 47,
          "column": 154
        }
      },
      "30": {
        "start": {
          "line": 48,
          "column": 42
        },
        "end": {
          "line": 48,
          "column": 117
        }
      },
      "31": {
        "start": {
          "line": 49,
          "column": 55
        },
        "end": {
          "line": 56,
          "column": 22
        }
      },
      "32": {
        "start": {
          "line": 50,
          "column": 23
        },
        "end": {
          "line": 50,
          "column": 33
        }
      },
      "33": {
        "start": {
          "line": 51,
          "column": 6
        },
        "end": {
          "line": 54,
          "column": 8
        }
      },
      "34": {
        "start": {
          "line": 55,
          "column": 6
        },
        "end": {
          "line": 55,
          "column": 22
        }
      },
      "35": {
        "start": {
          "line": 57,
          "column": 71
        },
        "end": {
          "line": 57,
          "column": 96
        }
      },
      "36": {
        "start": {
          "line": 60,
          "column": 4
        },
        "end": {
          "line": 69,
          "column": 6
        }
      },
      "37": {
        "start": {
          "line": 71,
          "column": 22
        },
        "end": {
          "line": 82,
          "column": 3
        }
      },
      "38": {
        "start": {
          "line": 72,
          "column": 4
        },
        "end": {
          "line": 78,
          "column": 5
        }
      },
      "39": {
        "start": {
          "line": 73,
          "column": 31
        },
        "end": {
          "line": 73,
          "column": 69
        }
      },
      "40": {
        "start": {
          "line": 74,
          "column": 6
        },
        "end": {
          "line": 76,
          "column": 7
        }
      },
      "41": {
        "start": {
          "line": 75,
          "column": 8
        },
        "end": {
          "line": 75,
          "column": 39
        }
      },
      "42": {
        "start": {
          "line": 77,
          "column": 6
        },
        "end": {
          "line": 77,
          "column": 20
        }
      },
      "43": {
        "start": {
          "line": 79,
          "column": 28
        },
        "end": {
          "line": 79,
          "column": 49
        }
      },
      "44": {
        "start": {
          "line": 80,
          "column": 4
        },
        "end": {
          "line": 80,
          "column": 60
        }
      },
      "45": {
        "start": {
          "line": 81,
          "column": 4
        },
        "end": {
          "line": 81,
          "column": 34
        }
      },
      "46": {
        "start": {
          "line": 83,
          "column": 17
        },
        "end": {
          "line": 89,
          "column": 3
        }
      },
      "47": {
        "start": {
          "line": 84,
          "column": 28
        },
        "end": {
          "line": 84,
          "column": 66
        }
      },
      "48": {
        "start": {
          "line": 85,
          "column": 4
        },
        "end": {
          "line": 88,
          "column": 5
        }
      },
      "49": {
        "start": {
          "line": 86,
          "column": 6
        },
        "end": {
          "line": 86,
          "column": 30
        }
      },
      "50": {
        "start": {
          "line": 87,
          "column": 6
        },
        "end": {
          "line": 87,
          "column": 48
        }
      },
      "51": {
        "start": {
          "line": 90,
          "column": 12
        },
        "end": {
          "line": 136,
          "column": 3
        }
      },
      "52": {
        "start": {
          "line": 101,
          "column": 25
        },
        "end": {
          "line": 101,
          "column": 168
        }
      },
      "53": {
        "start": {
          "line": 102,
          "column": 26
        },
        "end": {
          "line": 102,
          "column": 71
        }
      },
      "54": {
        "start": {
          "line": 103,
          "column": 24
        },
        "end": {
          "line": 103,
          "column": 58
        }
      },
      "55": {
        "start": {
          "line": 104,
          "column": 29
        },
        "end": {
          "line": 104,
          "column": 90
        }
      },
      "56": {
        "start": {
          "line": 105,
          "column": 27
        },
        "end": {
          "line": 105,
          "column": 57
        }
      },
      "57": {
        "start": {
          "line": 106,
          "column": 4
        },
        "end": {
          "line": 135,
          "column": 7
        }
      },
      "58": {
        "start": {
          "line": 115,
          "column": 16
        },
        "end": {
          "line": 115,
          "column": 24
        }
      },
      "59": {
        "start": {
          "line": 116,
          "column": 6
        },
        "end": {
          "line": 116,
          "column": 20
        }
      },
      "60": {
        "start": {
          "line": 117,
          "column": 6
        },
        "end": {
          "line": 117,
          "column": 21
        }
      },
      "61": {
        "start": {
          "line": 118,
          "column": 19
        },
        "end": {
          "line": 128,
          "column": 8
        }
      },
      "62": {
        "start": {
          "line": 119,
          "column": 8
        },
        "end": {
          "line": 123,
          "column": 9
        }
      },
      "63": {
        "start": {
          "line": 120,
          "column": 10
        },
        "end": {
          "line": 120,
          "column": 25
        }
      },
      "64": {
        "start": {
          "line": 122,
          "column": 10
        },
        "end": {
          "line": 122,
          "column": 26
        }
      },
      "65": {
        "start": {
          "line": 124,
          "column": 8
        },
        "end": {
          "line": 124,
          "column": 17
        }
      },
      "66": {
        "start": {
          "line": 126,
          "column": 8
        },
        "end": {
          "line": 126,
          "column": 20
        }
      },
      "67": {
        "start": {
          "line": 127,
          "column": 8
        },
        "end": {
          "line": 127,
          "column": 17
        }
      },
      "68": {
        "start": {
          "line": 129,
          "column": 6
        },
        "end": {
          "line": 131,
          "column": 7
        }
      },
      "69": {
        "start": {
          "line": 130,
          "column": 8
        },
        "end": {
          "line": 130,
          "column": 50
        }
      },
      "70": {
        "start": {
          "line": 132,
          "column": 6
        },
        "end": {
          "line": 133,
          "column": 19
        }
      },
      "71": {
        "start": {
          "line": 133,
          "column": 8
        },
        "end": {
          "line": 133,
          "column": 19
        }
      },
      "72": {
        "start": {
          "line": 134,
          "column": 6
        },
        "end": {
          "line": 134,
          "column": 18
        }
      },
      "73": {
        "start": {
          "line": 148,
          "column": 10
        },
        "end": {
          "line": 161,
          "column": 3
        }
      },
      "74": {
        "start": {
          "line": 149,
          "column": 34
        },
        "end": {
          "line": 154,
          "column": 6
        }
      },
      "75": {
        "start": {
          "line": 155,
          "column": 39
        },
        "end": {
          "line": 160,
          "column": 6
        }
      },
      "76": {
        "start": {
          "line": 162,
          "column": 9
        },
        "end": {
          "line": 176,
          "column": 3
        }
      },
      "77": {
        "start": {
          "line": 163,
          "column": 37
        },
        "end": {
          "line": 168,
          "column": 6
        }
      },
      "78": {
        "start": {
          "line": 169,
          "column": 46
        },
        "end": {
          "line": 175,
          "column": 6
        }
      },
      "79": {
        "start": {
          "line": 177,
          "column": 13
        },
        "end": {
          "line": 195,
          "column": 3
        }
      },
      "80": {
        "start": {
          "line": 178,
          "column": 53
        },
        "end": {
          "line": 182,
          "column": 6
        }
      },
      "81": {
        "start": {
          "line": 183,
          "column": 53
        },
        "end": {
          "line": 188,
          "column": 6
        }
      },
      "82": {
        "start": {
          "line": 189,
          "column": 55
        },
        "end": {
          "line": 194,
          "column": 6
        }
      },
      "83": {
        "start": {
          "line": 196,
          "column": 13
        },
        "end": {
          "line": 265,
          "column": 3
        }
      },
      "84": {
        "start": {
          "line": 197,
          "column": 45
        },
        "end": {
          "line": 203,
          "column": 6
        }
      },
      "85": {
        "start": {
          "line": 204,
          "column": 41
        },
        "end": {
          "line": 209,
          "column": 6
        }
      },
      "86": {
        "start": {
          "line": 210,
          "column": 42
        },
        "end": {
          "line": 216,
          "column": 6
        }
      },
      "87": {
        "start": {
          "line": 217,
          "column": 39
        },
        "end": {
          "line": 221,
          "column": 6
        }
      },
      "88": {
        "start": {
          "line": 222,
          "column": 48
        },
        "end": {
          "line": 228,
          "column": 6
        }
      },
      "89": {
        "start": {
          "line": 229,
          "column": 42
        },
        "end": {
          "line": 234,
          "column": 6
        }
      },
      "90": {
        "start": {
          "line": 235,
          "column": 47
        },
        "end": {
          "line": 239,
          "column": 6
        }
      },
      "91": {
        "start": {
          "line": 240,
          "column": 55
        },
        "end": {
          "line": 246,
          "column": 6
        }
      },
      "92": {
        "start": {
          "line": 247,
          "column": 53
        },
        "end": {
          "line": 252,
          "column": 6
        }
      },
      "93": {
        "start": {
          "line": 253,
          "column": 50
        },
        "end": {
          "line": 258,
          "column": 6
        }
      },
      "94": {
        "start": {
          "line": 259,
          "column": 50
        },
        "end": {
          "line": 264,
          "column": 6
        }
      },
      "95": {
        "start": {
          "line": 266,
          "column": 9
        },
        "end": {
          "line": 272,
          "column": 3
        }
      },
      "96": {
        "start": {
          "line": 267,
          "column": 30
        },
        "end": {
          "line": 271,
          "column": 6
        }
      }
    },
    "fnMap": {
      "0": {
        "name": "(anonymous_0)",
        "decl": {
          "start": {
            "line": 1,
            "column": 42
          },
          "end": {
            "line": 1,
            "column": 43
          }
        },
        "loc": {
          "start": {
            "line": 1,
            "column": 60
          },
          "end": {
            "line": 7,
            "column": 1
          }
        },
        "line": 1
      },
      "1": {
        "name": "(anonymous_1)",
        "decl": {
          "start": {
            "line": 13,
            "column": 16
          },
          "end": {
            "line": 13,
            "column": 17
          }
        },
        "loc": {
          "start": {
            "line": 13,
            "column": 36
          },
          "end": {
            "line": 13,
            "column": 57
          }
        },
        "line": 13
      },
      "2": {
        "name": "(anonymous_2)",
        "decl": {
          "start": {
            "line": 20,
            "column": 2
          },
          "end": {
            "line": 20,
            "column": 3
          }
        },
        "loc": {
          "start": {
            "line": 20,
            "column": 30
          },
          "end": {
            "line": 22,
            "column": 3
          }
        },
        "line": 20
      },
      "3": {
        "name": "(anonymous_3)",
        "decl": {
          "start": {
            "line": 23,
            "column": 20
          },
          "end": {
            "line": 23,
            "column": 21
          }
        },
        "loc": {
          "start": {
            "line": 23,
            "column": 30
          },
          "end": {
            "line": 25,
            "column": 3
          }
        },
        "line": 23
      },
      "4": {
        "name": "(anonymous_4)",
        "decl": {
          "start": {
            "line": 26,
            "column": 2
          },
          "end": {
            "line": 26,
            "column": 3
          }
        },
        "loc": {
          "start": {
            "line": 26,
            "column": 31
          },
          "end": {
            "line": 29,
            "column": 3
          }
        },
        "line": 26
      },
      "5": {
        "name": "(anonymous_5)",
        "decl": {
          "start": {
            "line": 30,
            "column": 2
          },
          "end": {
            "line": 30,
            "column": 3
          }
        },
        "loc": {
          "start": {
            "line": 30,
            "column": 28
          },
          "end": {
            "line": 32,
            "column": 3
          }
        },
        "line": 30
      },
      "6": {
        "name": "(anonymous_6)",
        "decl": {
          "start": {
            "line": 33,
            "column": 2
          },
          "end": {
            "line": 33,
            "column": 3
          }
        },
        "loc": {
          "start": {
            "line": 33,
            "column": 33
          },
          "end": {
            "line": 36,
            "column": 3
          }
        },
        "line": 33
      },
      "7": {
        "name": "(anonymous_7)",
        "decl": {
          "start": {
            "line": 35,
            "column": 21
          },
          "end": {
            "line": 35,
            "column": 22
          }
        },
        "loc": {
          "start": {
            "line": 35,
            "column": 28
          },
          "end": {
            "line": 35,
            "column": 57
          }
        },
        "line": 35
      },
      "8": {
        "name": "(anonymous_8)",
        "decl": {
          "start": {
            "line": 37,
            "column": 2
          },
          "end": {
            "line": 37,
            "column": 3
          }
        },
        "loc": {
          "start": {
            "line": 37,
            "column": 26
          },
          "end": {
            "line": 41,
            "column": 3
          }
        },
        "line": 37
      },
      "9": {
        "name": "(anonymous_9)",
        "decl": {
          "start": {
            "line": 39,
            "column": 43
          },
          "end": {
            "line": 39,
            "column": 44
          }
        },
        "loc": {
          "start": {
            "line": 39,
            "column": 52
          },
          "end": {
            "line": 39,
            "column": 85
          }
        },
        "line": 39
      },
      "10": {
        "name": "(anonymous_10)",
        "decl": {
          "start": {
            "line": 40,
            "column": 20
          },
          "end": {
            "line": 40,
            "column": 21
          }
        },
        "loc": {
          "start": {
            "line": 40,
            "column": 29
          },
          "end": {
            "line": 40,
            "column": 125
          }
        },
        "line": 40
      },
      "11": {
        "name": "(anonymous_11)",
        "decl": {
          "start": {
            "line": 42,
            "column": 2
          },
          "end": {
            "line": 42,
            "column": 3
          }
        },
        "loc": {
          "start": {
            "line": 42,
            "column": 27
          },
          "end": {
            "line": 45,
            "column": 3
          }
        },
        "line": 42
      },
      "12": {
        "name": "(anonymous_12)",
        "decl": {
          "start": {
            "line": 47,
            "column": 37
          },
          "end": {
            "line": 47,
            "column": 38
          }
        },
        "loc": {
          "start": {
            "line": 47,
            "column": 48
          },
          "end": {
            "line": 47,
            "column": 154
          }
        },
        "line": 47
      },
      "13": {
        "name": "(anonymous_13)",
        "decl": {
          "start": {
            "line": 48,
            "column": 31
          },
          "end": {
            "line": 48,
            "column": 32
          }
        },
        "loc": {
          "start": {
            "line": 48,
            "column": 42
          },
          "end": {
            "line": 48,
            "column": 117
          }
        },
        "line": 48
      },
      "14": {
        "name": "(anonymous_14)",
        "decl": {
          "start": {
            "line": 49,
            "column": 44
          },
          "end": {
            "line": 49,
            "column": 45
          }
        },
        "loc": {
          "start": {
            "line": 49,
            "column": 55
          },
          "end": {
            "line": 56,
            "column": 22
          }
        },
        "line": 49
      },
      "15": {
        "name": "(anonymous_15)",
        "decl": {
          "start": {
            "line": 49,
            "column": 87
          },
          "end": {
            "line": 49,
            "column": 88
          }
        },
        "loc": {
          "start": {
            "line": 49,
            "column": 106
          },
          "end": {
            "line": 56,
            "column": 5
          }
        },
        "line": 49
      },
      "16": {
        "name": "(anonymous_16)",
        "decl": {
          "start": {
            "line": 57,
            "column": 60
          },
          "end": {
            "line": 57,
            "column": 61
          }
        },
        "loc": {
          "start": {
            "line": 57,
            "column": 71
          },
          "end": {
            "line": 57,
            "column": 96
          }
        },
        "line": 57
      },
      "17": {
        "name": "(anonymous_17)",
        "decl": {
          "start": {
            "line": 59,
            "column": 2
          },
          "end": {
            "line": 59,
            "column": 3
          }
        },
        "loc": {
          "start": {
            "line": 59,
            "column": 39
          },
          "end": {
            "line": 70,
            "column": 3
          }
        },
        "line": 59
      },
      "18": {
        "name": "(anonymous_18)",
        "decl": {
          "start": {
            "line": 71,
            "column": 22
          },
          "end": {
            "line": 71,
            "column": 23
          }
        },
        "loc": {
          "start": {
            "line": 71,
            "column": 39
          },
          "end": {
            "line": 82,
            "column": 3
          }
        },
        "line": 71
      },
      "19": {
        "name": "(anonymous_19)",
        "decl": {
          "start": {
            "line": 83,
            "column": 17
          },
          "end": {
            "line": 83,
            "column": 18
          }
        },
        "loc": {
          "start": {
            "line": 83,
            "column": 34
          },
          "end": {
            "line": 89,
            "column": 3
          }
        },
        "line": 83
      },
      "20": {
        "name": "(anonymous_20)",
        "decl": {
          "start": {
            "line": 90,
            "column": 12
          },
          "end": {
            "line": 90,
            "column": 13
          }
        },
        "loc": {
          "start": {
            "line": 100,
            "column": 8
          },
          "end": {
            "line": 136,
            "column": 3
          }
        },
        "line": 100
      },
      "21": {
        "name": "(anonymous_21)",
        "decl": {
          "start": {
            "line": 114,
            "column": 12
          },
          "end": {
            "line": 114,
            "column": 13
          }
        },
        "loc": {
          "start": {
            "line": 114,
            "column": 32
          },
          "end": {
            "line": 135,
            "column": 5
          }
        },
        "line": 114
      },
      "22": {
        "name": "(anonymous_22)",
        "decl": {
          "start": {
            "line": 118,
            "column": 79
          },
          "end": {
            "line": 118,
            "column": 80
          }
        },
        "loc": {
          "start": {
            "line": 118,
            "column": 90
          },
          "end": {
            "line": 125,
            "column": 7
          }
        },
        "line": 118
      },
      "23": {
        "name": "(anonymous_23)",
        "decl": {
          "start": {
            "line": 125,
            "column": 15
          },
          "end": {
            "line": 125,
            "column": 16
          }
        },
        "loc": {
          "start": {
            "line": 125,
            "column": 22
          },
          "end": {
            "line": 128,
            "column": 7
          }
        },
        "line": 125
      },
      "24": {
        "name": "(anonymous_24)",
        "decl": {
          "start": {
            "line": 149,
            "column": 11
          },
          "end": {
            "line": 149,
            "column": 12
          }
        },
        "loc": {
          "start": {
            "line": 149,
            "column": 34
          },
          "end": {
            "line": 154,
            "column": 6
          }
        },
        "line": 149
      },
      "25": {
        "name": "(anonymous_25)",
        "decl": {
          "start": {
            "line": 155,
            "column": 16
          },
          "end": {
            "line": 155,
            "column": 17
          }
        },
        "loc": {
          "start": {
            "line": 155,
            "column": 39
          },
          "end": {
            "line": 160,
            "column": 6
          }
        },
        "line": 155
      },
      "26": {
        "name": "(anonymous_26)",
        "decl": {
          "start": {
            "line": 163,
            "column": 20
          },
          "end": {
            "line": 163,
            "column": 21
          }
        },
        "loc": {
          "start": {
            "line": 163,
            "column": 37
          },
          "end": {
            "line": 168,
            "column": 6
          }
        },
        "line": 163
      },
      "27": {
        "name": "(anonymous_27)",
        "decl": {
          "start": {
            "line": 169,
            "column": 23
          },
          "end": {
            "line": 169,
            "column": 24
          }
        },
        "loc": {
          "start": {
            "line": 169,
            "column": 46
          },
          "end": {
            "line": 175,
            "column": 6
          }
        },
        "line": 169
      },
      "28": {
        "name": "(anonymous_28)",
        "decl": {
          "start": {
            "line": 178,
            "column": 26
          },
          "end": {
            "line": 178,
            "column": 27
          }
        },
        "loc": {
          "start": {
            "line": 178,
            "column": 53
          },
          "end": {
            "line": 182,
            "column": 6
          }
        },
        "line": 178
      },
      "29": {
        "name": "(anonymous_29)",
        "decl": {
          "start": {
            "line": 183,
            "column": 26
          },
          "end": {
            "line": 183,
            "column": 27
          }
        },
        "loc": {
          "start": {
            "line": 183,
            "column": 53
          },
          "end": {
            "line": 188,
            "column": 6
          }
        },
        "line": 183
      },
      "30": {
        "name": "(anonymous_30)",
        "decl": {
          "start": {
            "line": 189,
            "column": 28
          },
          "end": {
            "line": 189,
            "column": 29
          }
        },
        "loc": {
          "start": {
            "line": 189,
            "column": 55
          },
          "end": {
            "line": 194,
            "column": 6
          }
        },
        "line": 189
      },
      "31": {
        "name": "(anonymous_31)",
        "decl": {
          "start": {
            "line": 197,
            "column": 21
          },
          "end": {
            "line": 197,
            "column": 22
          }
        },
        "loc": {
          "start": {
            "line": 197,
            "column": 45
          },
          "end": {
            "line": 203,
            "column": 6
          }
        },
        "line": 197
      },
      "32": {
        "name": "(anonymous_32)",
        "decl": {
          "start": {
            "line": 204,
            "column": 17
          },
          "end": {
            "line": 204,
            "column": 18
          }
        },
        "loc": {
          "start": {
            "line": 204,
            "column": 41
          },
          "end": {
            "line": 209,
            "column": 6
          }
        },
        "line": 204
      },
      "33": {
        "name": "(anonymous_33)",
        "decl": {
          "start": {
            "line": 210,
            "column": 19
          },
          "end": {
            "line": 210,
            "column": 20
          }
        },
        "loc": {
          "start": {
            "line": 210,
            "column": 42
          },
          "end": {
            "line": 216,
            "column": 6
          }
        },
        "line": 210
      },
      "34": {
        "name": "(anonymous_34)",
        "decl": {
          "start": {
            "line": 217,
            "column": 16
          },
          "end": {
            "line": 217,
            "column": 17
          }
        },
        "loc": {
          "start": {
            "line": 217,
            "column": 39
          },
          "end": {
            "line": 221,
            "column": 6
          }
        },
        "line": 217
      },
      "35": {
        "name": "(anonymous_35)",
        "decl": {
          "start": {
            "line": 222,
            "column": 19
          },
          "end": {
            "line": 222,
            "column": 20
          }
        },
        "loc": {
          "start": {
            "line": 222,
            "column": 48
          },
          "end": {
            "line": 228,
            "column": 6
          }
        },
        "line": 222
      },
      "36": {
        "name": "(anonymous_36)",
        "decl": {
          "start": {
            "line": 229,
            "column": 19
          },
          "end": {
            "line": 229,
            "column": 20
          }
        },
        "loc": {
          "start": {
            "line": 229,
            "column": 42
          },
          "end": {
            "line": 234,
            "column": 6
          }
        },
        "line": 229
      },
      "37": {
        "name": "(anonymous_37)",
        "decl": {
          "start": {
            "line": 235,
            "column": 24
          },
          "end": {
            "line": 235,
            "column": 25
          }
        },
        "loc": {
          "start": {
            "line": 235,
            "column": 47
          },
          "end": {
            "line": 239,
            "column": 6
          }
        },
        "line": 235
      },
      "38": {
        "name": "(anonymous_38)",
        "decl": {
          "start": {
            "line": 240,
            "column": 26
          },
          "end": {
            "line": 240,
            "column": 27
          }
        },
        "loc": {
          "start": {
            "line": 240,
            "column": 55
          },
          "end": {
            "line": 246,
            "column": 6
          }
        },
        "line": 240
      },
      "39": {
        "name": "(anonymous_39)",
        "decl": {
          "start": {
            "line": 247,
            "column": 26
          },
          "end": {
            "line": 247,
            "column": 27
          }
        },
        "loc": {
          "start": {
            "line": 247,
            "column": 53
          },
          "end": {
            "line": 252,
            "column": 6
          }
        },
        "line": 247
      },
      "40": {
        "name": "(anonymous_40)",
        "decl": {
          "start": {
            "line": 253,
            "column": 27
          },
          "end": {
            "line": 253,
            "column": 28
          }
        },
        "loc": {
          "start": {
            "line": 253,
            "column": 50
          },
          "end": {
            "line": 258,
            "column": 6
          }
        },
        "line": 253
      },
      "41": {
        "name": "(anonymous_41)",
        "decl": {
          "start": {
            "line": 259,
            "column": 27
          },
          "end": {
            "line": 259,
            "column": 28
          }
        },
        "loc": {
          "start": {
            "line": 259,
            "column": 50
          },
          "end": {
            "line": 264,
            "column": 6
          }
        },
        "line": 259
      },
      "42": {
        "name": "(anonymous_42)",
        "decl": {
          "start": {
            "line": 267,
            "column": 13
          },
          "end": {
            "line": 267,
            "column": 14
          }
        },
        "loc": {
          "start": {
            "line": 267,
            "column": 30
          },
          "end": {
            "line": 271,
            "column": 6
          }
        },
        "line": 267
      }
    },
    "branchMap": {
      "0": {
        "loc": {
          "start": {
            "line": 7,
            "column": 3
          },
          "end": {
            "line": 7,
            "column": 20
          }
        },
        "type": "binary-expr",
        "locations": [
          {
            "start": {
              "line": 7,
              "column": 3
            },
            "end": {
              "line": 7,
              "column": 14
            }
          },
          {
            "start": {
              "line": 7,
              "column": 18
            },
            "end": {
              "line": 7,
              "column": 20
            }
          }
        ],
        "line": 7
      },
      "1": {
        "loc": {
          "start": {
            "line": 20,
            "column": 14
          },
          "end": {
            "line": 20,
            "column": 28
          }
        },
        "type": "default-arg",
        "locations": [
          {
            "start": {
              "line": 20,
              "column": 26
            },
            "end": {
              "line": 20,
              "column": 28
            }
          }
        ],
        "line": 20
      },
      "2": {
        "loc": {
          "start": {
            "line": 28,
            "column": 47
          },
          "end": {
            "line": 28,
            "column": 93
          }
        },
        "type": "cond-expr",
        "locations": [
          {
            "start": {
              "line": 28,
              "column": 75
            },
            "end": {
              "line": 28,
              "column": 80
            }
          },
          {
            "start": {
              "line": 28,
              "column": 83
            },
            "end": {
              "line": 28,
              "column": 93
            }
          }
        ],
        "line": 28
      },
      "3": {
        "loc": {
          "start": {
            "line": 38,
            "column": 18
          },
          "end": {
            "line": 38,
            "column": 32
          }
        },
        "type": "binary-expr",
        "locations": [
          {
            "start": {
              "line": 38,
              "column": 18
            },
            "end": {
              "line": 38,
              "column": 26
            }
          },
          {
            "start": {
              "line": 38,
              "column": 30
            },
            "end": {
              "line": 38,
              "column": 32
            }
          }
        ],
        "line": 38
      },
      "4": {
        "loc": {
          "start": {
            "line": 40,
            "column": 29
          },
          "end": {
            "line": 40,
            "column": 125
          }
        },
        "type": "cond-expr",
        "locations": [
          {
            "start": {
              "line": 40,
              "column": 57
            },
            "end": {
              "line": 40,
              "column": 92
            }
          },
          {
            "start": {
              "line": 40,
              "column": 95
            },
            "end": {
              "line": 40,
              "column": 125
            }
          }
        ],
        "line": 40
      },
      "5": {
        "loc": {
          "start": {
            "line": 44,
            "column": 11
          },
          "end": {
            "line": 44,
            "column": 47
          }
        },
        "type": "cond-expr",
        "locations": [
          {
            "start": {
              "line": 44,
              "column": 25
            },
            "end": {
              "line": 44,
              "column": 42
            }
          },
          {
            "start": {
              "line": 44,
              "column": 45
            },
            "end": {
              "line": 44,
              "column": 47
            }
          }
        ],
        "line": 44
      },
      "6": {
        "loc": {
          "start": {
            "line": 47,
            "column": 48
          },
          "end": {
            "line": 47,
            "column": 154
          }
        },
        "type": "cond-expr",
        "locations": [
          {
            "start": {
              "line": 47,
              "column": 125
            },
            "end": {
              "line": 47,
              "column": 146
            }
          },
          {
            "start": {
              "line": 47,
              "column": 149
            },
            "end": {
              "line": 47,
              "column": 154
            }
          }
        ],
        "line": 47
      },
      "7": {
        "loc": {
          "start": {
            "line": 47,
            "column": 48
          },
          "end": {
            "line": 47,
            "column": 122
          }
        },
        "type": "binary-expr",
        "locations": [
          {
            "start": {
              "line": 47,
              "column": 48
            },
            "end": {
              "line": 47,
              "column": 62
            }
          },
          {
            "start": {
              "line": 47,
              "column": 67
            },
            "end": {
              "line": 47,
              "column": 92
            }
          },
          {
            "start": {
              "line": 47,
              "column": 96
            },
            "end": {
              "line": 47,
              "column": 121
            }
          }
        ],
        "line": 47
      },
      "8": {
        "loc": {
          "start": {
            "line": 48,
            "column": 42
          },
          "end": {
            "line": 48,
            "column": 117
          }
        },
        "type": "cond-expr",
        "locations": [
          {
            "start": {
              "line": 48,
              "column": 88
            },
            "end": {
              "line": 48,
              "column": 109
            }
          },
          {
            "start": {
              "line": 48,
              "column": 112
            },
            "end": {
              "line": 48,
              "column": 117
            }
          }
        ],
        "line": 48
      },
      "9": {
        "loc": {
          "start": {
            "line": 48,
            "column": 42
          },
          "end": {
            "line": 48,
            "column": 85
          }
        },
        "type": "binary-expr",
        "locations": [
          {
            "start": {
              "line": 48,
              "column": 42
            },
            "end": {
              "line": 48,
              "column": 56
            }
          },
          {
            "start": {
              "line": 48,
              "column": 60
            },
            "end": {
              "line": 48,
              "column": 85
            }
          }
        ],
        "line": 48
      },
      "10": {
        "loc": {
          "start": {
            "line": 49,
            "column": 67
          },
          "end": {
            "line": 49,
            "column": 78
          }
        },
        "type": "binary-expr",
        "locations": [
          {
            "start": {
              "line": 49,
              "column": 67
            },
            "end": {
              "line": 49,
              "column": 72
            }
          },
          {
            "start": {
              "line": 49,
              "column": 76
            },
            "end": {
              "line": 49,
              "column": 78
            }
          }
        ],
        "line": 49
      },
      "11": {
        "loc": {
          "start": {
            "line": 53,
            "column": 8
          },
          "end": {
            "line": 53,
            "column": 138
          }
        },
        "type": "cond-expr",
        "locations": [
          {
            "start": {
              "line": 53,
              "column": 35
            },
            "end": {
              "line": 53,
              "column": 43
            }
          },
          {
            "start": {
              "line": 53,
              "column": 46
            },
            "end": {
              "line": 53,
              "column": 138
            }
          }
        ],
        "line": 53
      },
      "12": {
        "loc": {
          "start": {
            "line": 53,
            "column": 46
          },
          "end": {
            "line": 53,
            "column": 138
          }
        },
        "type": "cond-expr",
        "locations": [
          {
            "start": {
              "line": 53,
              "column": 98
            },
            "end": {
              "line": 53,
              "column": 122
            }
          },
          {
            "start": {
              "line": 53,
              "column": 125
            },
            "end": {
              "line": 53,
              "column": 138
            }
          }
        ],
        "line": 53
      },
      "13": {
        "loc": {
          "start": {
            "line": 53,
            "column": 46
          },
          "end": {
            "line": 53,
            "column": 95
          }
        },
        "type": "binary-expr",
        "locations": [
          {
            "start": {
              "line": 53,
              "column": 46
            },
            "end": {
              "line": 53,
              "column": 74
            }
          },
          {
            "start": {
              "line": 53,
              "column": 78
            },
            "end": {
              "line": 53,
              "column": 95
            }
          }
        ],
        "line": 53
      },
      "14": {
        "loc": {
          "start": {
            "line": 63,
            "column": 9
          },
          "end": {
            "line": 63,
            "column": 22
          }
        },
        "type": "binary-expr",
        "locations": [
          {
            "start": {
              "line": 63,
              "column": 9
            },
            "end": {
              "line": 63,
              "column": 16
            }
          },
          {
            "start": {
              "line": 63,
              "column": 20
            },
            "end": {
              "line": 63,
              "column": 22
            }
          }
        ],
        "line": 63
      },
      "15": {
        "loc": {
          "start": {
            "line": 65,
            "column": 11
          },
          "end": {
            "line": 65,
            "column": 43
          }
        },
        "type": "binary-expr",
        "locations": [
          {
            "start": {
              "line": 65,
              "column": 11
            },
            "end": {
              "line": 65,
              "column": 37
            }
          },
          {
            "start": {
              "line": 65,
              "column": 41
            },
            "end": {
              "line": 65,
              "column": 43
            }
          }
        ],
        "line": 65
      },
      "16": {
        "loc": {
          "start": {
            "line": 66,
            "column": 11
          },
          "end": {
            "line": 66,
            "column": 32
          }
        },
        "type": "binary-expr",
        "locations": [
          {
            "start": {
              "line": 66,
              "column": 11
            },
            "end": {
              "line": 66,
              "column": 26
            }
          },
          {
            "start": {
              "line": 66,
              "column": 30
            },
            "end": {
              "line": 66,
              "column": 32
            }
          }
        ],
        "line": 66
      },
      "17": {
        "loc": {
          "start": {
            "line": 67,
            "column": 11
          },
          "end": {
            "line": 67,
            "column": 43
          }
        },
        "type": "binary-expr",
        "locations": [
          {
            "start": {
              "line": 67,
              "column": 11
            },
            "end": {
              "line": 67,
              "column": 18
            }
          },
          {
            "start": {
              "line": 67,
              "column": 22
            },
            "end": {
              "line": 67,
              "column": 37
            }
          },
          {
            "start": {
              "line": 67,
              "column": 41
            },
            "end": {
              "line": 67,
              "column": 43
            }
          }
        ],
        "line": 67
      },
      "18": {
        "loc": {
          "start": {
            "line": 72,
            "column": 4
          },
          "end": {
            "line": 78,
            "column": 5
          }
        },
        "type": "if",
        "locations": [
          {
            "start": {
              "line": 72,
              "column": 4
            },
            "end": {
              "line": 78,
              "column": 5
            }
          },
          {
            "start": {},
            "end": {}
          }
        ],
        "line": 72
      },
      "19": {
        "loc": {
          "start": {
            "line": 74,
            "column": 6
          },
          "end": {
            "line": 76,
            "column": 7
          }
        },
        "type": "if",
        "locations": [
          {
            "start": {
              "line": 74,
              "column": 6
            },
            "end": {
              "line": 76,
              "column": 7
            }
          },
          {
            "start": {},
            "end": {}
          }
        ],
        "line": 74
      },
      "20": {
        "loc": {
          "start": {
            "line": 85,
            "column": 4
          },
          "end": {
            "line": 88,
            "column": 5
          }
        },
        "type": "if",
        "locations": [
          {
            "start": {
              "line": 85,
              "column": 4
            },
            "end": {
              "line": 88,
              "column": 5
            }
          },
          {
            "start": {},
            "end": {}
          }
        ],
        "line": 85
      },
      "21": {
        "loc": {
          "start": {
            "line": 101,
            "column": 25
          },
          "end": {
            "line": 101,
            "column": 168
          }
        },
        "type": "binary-expr",
        "locations": [
          {
            "start": {
              "line": 101,
              "column": 26
            },
            "end": {
              "line": 101,
              "column": 90
            }
          },
          {
            "start": {
              "line": 101,
              "column": 95
            },
            "end": {
              "line": 101,
              "column": 114
            }
          },
          {
            "start": {
              "line": 101,
              "column": 118
            },
            "end": {
              "line": 101,
              "column": 162
            }
          },
          {
            "start": {
              "line": 101,
              "column": 166
            },
            "end": {
              "line": 101,
              "column": 168
            }
          }
        ],
        "line": 101
      },
      "22": {
        "loc": {
          "start": {
            "line": 101,
            "column": 26
          },
          "end": {
            "line": 101,
            "column": 90
          }
        },
        "type": "cond-expr",
        "locations": [
          {
            "start": {
              "line": 101,
              "column": 56
            },
            "end": {
              "line": 101,
              "column": 62
            }
          },
          {
            "start": {
              "line": 101,
              "column": 65
            },
            "end": {
              "line": 101,
              "column": 90
            }
          }
        ],
        "line": 101
      },
      "23": {
        "loc": {
          "start": {
            "line": 103,
            "column": 24
          },
          "end": {
            "line": 103,
            "column": 58
          }
        },
        "type": "binary-expr",
        "locations": [
          {
            "start": {
              "line": 103,
              "column": 24
            },
            "end": {
              "line": 103,
              "column": 29
            }
          },
          {
            "start": {
              "line": 103,
              "column": 33
            },
            "end": {
              "line": 103,
              "column": 58
            }
          }
        ],
        "line": 103
      },
      "24": {
        "loc": {
          "start": {
            "line": 104,
            "column": 52
          },
          "end": {
            "line": 104,
            "column": 78
          }
        },
        "type": "binary-expr",
        "locations": [
          {
            "start": {
              "line": 104,
              "column": 52
            },
            "end": {
              "line": 104,
              "column": 56
            }
          },
          {
            "start": {
              "line": 104,
              "column": 60
            },
            "end": {
              "line": 104,
              "column": 78
            }
          }
        ],
        "line": 104
      },
      "25": {
        "loc": {
          "start": {
            "line": 105,
            "column": 27
          },
          "end": {
            "line": 105,
            "column": 57
          }
        },
        "type": "binary-expr",
        "locations": [
          {
            "start": {
              "line": 105,
              "column": 27
            },
            "end": {
              "line": 105,
              "column": 33
            }
          },
          {
            "start": {
              "line": 105,
              "column": 37
            },
            "end": {
              "line": 105,
              "column": 57
            }
          }
        ],
        "line": 105
      },
      "26": {
        "loc": {
          "start": {
            "line": 106,
            "column": 31
          },
          "end": {
            "line": 106,
            "column": 60
          }
        },
        "type": "binary-expr",
        "locations": [
          {
            "start": {
              "line": 106,
              "column": 31
            },
            "end": {
              "line": 106,
              "column": 38
            }
          },
          {
            "start": {
              "line": 106,
              "column": 42
            },
            "end": {
              "line": 106,
              "column": 54
            }
          },
          {
            "start": {
              "line": 106,
              "column": 58
            },
            "end": {
              "line": 106,
              "column": 60
            }
          }
        ],
        "line": 106
      },
      "27": {
        "loc": {
          "start": {
            "line": 106,
            "column": 70
          },
          "end": {
            "line": 106,
            "column": 106
          }
        },
        "type": "cond-expr",
        "locations": [
          {
            "start": {
              "line": 106,
              "column": 84
            },
            "end": {
              "line": 106,
              "column": 101
            }
          },
          {
            "start": {
              "line": 106,
              "column": 104
            },
            "end": {
              "line": 106,
              "column": 106
            }
          }
        ],
        "line": 106
      },
      "28": {
        "loc": {
          "start": {
            "line": 109,
            "column": 11
          },
          "end": {
            "line": 109,
            "column": 38
          }
        },
        "type": "binary-expr",
        "locations": [
          {
            "start": {
              "line": 109,
              "column": 11
            },
            "end": {
              "line": 109,
              "column": 32
            }
          },
          {
            "start": {
              "line": 109,
              "column": 36
            },
            "end": {
              "line": 109,
              "column": 38
            }
          }
        ],
        "line": 109
      },
      "29": {
        "loc": {
          "start": {
            "line": 110,
            "column": 11
          },
          "end": {
            "line": 110,
            "column": 96
          }
        },
        "type": "cond-expr",
        "locations": [
          {
            "start": {
              "line": 110,
              "column": 67
            },
            "end": {
              "line": 110,
              "column": 91
            }
          },
          {
            "start": {
              "line": 110,
              "column": 94
            },
            "end": {
              "line": 110,
              "column": 96
            }
          }
        ],
        "line": 110
      },
      "30": {
        "loc": {
          "start": {
            "line": 110,
            "column": 11
          },
          "end": {
            "line": 110,
            "column": 49
          }
        },
        "type": "binary-expr",
        "locations": [
          {
            "start": {
              "line": 110,
              "column": 11
            },
            "end": {
              "line": 110,
              "column": 15
            }
          },
          {
            "start": {
              "line": 110,
              "column": 19
            },
            "end": {
              "line": 110,
              "column": 49
            }
          }
        ],
        "line": 110
      },
      "31": {
        "loc": {
          "start": {
            "line": 112,
            "column": 14
          },
          "end": {
            "line": 112,
            "column": 86
          }
        },
        "type": "cond-expr",
        "locations": [
          {
            "start": {
              "line": 112,
              "column": 28
            },
            "end": {
              "line": 112,
              "column": 63
            }
          },
          {
            "start": {
              "line": 112,
              "column": 66
            },
            "end": {
              "line": 112,
              "column": 86
            }
          }
        ],
        "line": 112
      },
      "32": {
        "loc": {
          "start": {
            "line": 113,
            "column": 12
          },
          "end": {
            "line": 113,
            "column": 88
          }
        },
        "type": "cond-expr",
        "locations": [
          {
            "start": {
              "line": 113,
              "column": 59
            },
            "end": {
              "line": 113,
              "column": 63
            }
          },
          {
            "start": {
              "line": 113,
              "column": 66
            },
            "end": {
              "line": 113,
              "column": 88
            }
          }
        ],
        "line": 113
      },
      "33": {
        "loc": {
          "start": {
            "line": 113,
            "column": 12
          },
          "end": {
            "line": 113,
            "column": 56
          }
        },
        "type": "binary-expr",
        "locations": [
          {
            "start": {
              "line": 113,
              "column": 12
            },
            "end": {
              "line": 113,
              "column": 39
            }
          },
          {
            "start": {
              "line": 113,
              "column": 43
            },
            "end": {
              "line": 113,
              "column": 56
            }
          }
        ],
        "line": 113
      },
      "34": {
        "loc": {
          "start": {
            "line": 118,
            "column": 19
          },
          "end": {
            "line": 128,
            "column": 8
          }
        },
        "type": "cond-expr",
        "locations": [
          {
            "start": {
              "line": 118,
              "column": 37
            },
            "end": {
              "line": 118,
              "column": 38
            }
          },
          {
            "start": {
              "line": 118,
              "column": 41
            },
            "end": {
              "line": 128,
              "column": 8
            }
          }
        ],
        "line": 118
      },
      "35": {
        "loc": {
          "start": {
            "line": 119,
            "column": 8
          },
          "end": {
            "line": 123,
            "column": 9
          }
        },
        "type": "if",
        "locations": [
          {
            "start": {
              "line": 119,
              "column": 8
            },
            "end": {
              "line": 123,
              "column": 9
            }
          },
          {
            "start": {
              "line": 121,
              "column": 15
            },
            "end": {
              "line": 123,
              "column": 9
            }
          }
        ],
        "line": 119
      },
      "36": {
        "loc": {
          "start": {
            "line": 129,
            "column": 6
          },
          "end": {
            "line": 131,
            "column": 7
          }
        },
        "type": "if",
        "locations": [
          {
            "start": {
              "line": 129,
              "column": 6
            },
            "end": {
              "line": 131,
              "column": 7
            }
          },
          {
            "start": {},
            "end": {}
          }
        ],
        "line": 129
      },
      "37": {
        "loc": {
          "start": {
            "line": 132,
            "column": 6
          },
          "end": {
            "line": 133,
            "column": 19
          }
        },
        "type": "if",
        "locations": [
          {
            "start": {
              "line": 132,
              "column": 6
            },
            "end": {
              "line": 133,
              "column": 19
            }
          },
          {
            "start": {},
            "end": {}
          }
        ],
        "line": 132
      },
      "38": {
        "loc": {
          "start": {
            "line": 149,
            "column": 18
          },
          "end": {
            "line": 149,
            "column": 29
          }
        },
        "type": "default-arg",
        "locations": [
          {
            "start": {
              "line": 149,
              "column": 27
            },
            "end": {
              "line": 149,
              "column": 29
            }
          }
        ],
        "line": 149
      },
      "39": {
        "loc": {
          "start": {
            "line": 155,
            "column": 23
          },
          "end": {
            "line": 155,
            "column": 34
          }
        },
        "type": "default-arg",
        "locations": [
          {
            "start": {
              "line": 155,
              "column": 32
            },
            "end": {
              "line": 155,
              "column": 34
            }
          }
        ],
        "line": 155
      },
      "40": {
        "loc": {
          "start": {
            "line": 163,
            "column": 21
          },
          "end": {
            "line": 163,
            "column": 32
          }
        },
        "type": "default-arg",
        "locations": [
          {
            "start": {
              "line": 163,
              "column": 30
            },
            "end": {
              "line": 163,
              "column": 32
            }
          }
        ],
        "line": 163
      },
      "41": {
        "loc": {
          "start": {
            "line": 169,
            "column": 30
          },
          "end": {
            "line": 169,
            "column": 41
          }
        },
        "type": "default-arg",
        "locations": [
          {
            "start": {
              "line": 169,
              "column": 39
            },
            "end": {
              "line": 169,
              "column": 41
            }
          }
        ],
        "line": 169
      },
      "42": {
        "loc": {
          "start": {
            "line": 178,
            "column": 37
          },
          "end": {
            "line": 178,
            "column": 48
          }
        },
        "type": "default-arg",
        "locations": [
          {
            "start": {
              "line": 178,
              "column": 46
            },
            "end": {
              "line": 178,
              "column": 48
            }
          }
        ],
        "line": 178
      },
      "43": {
        "loc": {
          "start": {
            "line": 183,
            "column": 37
          },
          "end": {
            "line": 183,
            "column": 48
          }
        },
        "type": "default-arg",
        "locations": [
          {
            "start": {
              "line": 183,
              "column": 46
            },
            "end": {
              "line": 183,
              "column": 48
            }
          }
        ],
        "line": 183
      },
      "44": {
        "loc": {
          "start": {
            "line": 189,
            "column": 39
          },
          "end": {
            "line": 189,
            "column": 50
          }
        },
        "type": "default-arg",
        "locations": [
          {
            "start": {
              "line": 189,
              "column": 48
            },
            "end": {
              "line": 189,
              "column": 50
            }
          }
        ],
        "line": 189
      },
      "45": {
        "loc": {
          "start": {
            "line": 197,
            "column": 29
          },
          "end": {
            "line": 197,
            "column": 40
          }
        },
        "type": "default-arg",
        "locations": [
          {
            "start": {
              "line": 197,
              "column": 38
            },
            "end": {
              "line": 197,
              "column": 40
            }
          }
        ],
        "line": 197
      },
      "46": {
        "loc": {
          "start": {
            "line": 204,
            "column": 25
          },
          "end": {
            "line": 204,
            "column": 36
          }
        },
        "type": "default-arg",
        "locations": [
          {
            "start": {
              "line": 204,
              "column": 34
            },
            "end": {
              "line": 204,
              "column": 36
            }
[...]
          "column": 1
        }
      },
      "1": {
        "start": {
          "line": 23,
          "column": 21
        },
        "end": {
          "line": 23,
          "column": 50
        }
      },
      "2": {
        "start": {
          "line": 28,
          "column": 21
        },
        "end": {
          "line": 28,
          "column": 54
        }
      },
      "3": {
        "start": {
          "line": 33,
          "column": 21
        },
        "end": {
          "line": 33,
          "column": 54
        }
      },
      "4": {
        "start": {
          "line": 38,
          "column": 21
        },
        "end": {
          "line": 38,
          "column": 48
        }
      },
      "5": {
        "start": {
          "line": 39,
          "column": 23
        },
        "end": {
          "line": 39,
          "column": 38
        }
      },
      "6": {
        "start": {
          "line": 44,
          "column": 21
        },
        "end": {
          "line": 44,
          "column": 51
        }
      },
      "7": {
        "start": {
          "line": 45,
          "column": 23
        },
        "end": {
          "line": 45,
          "column": 38
        }
      },
      "8": {
        "start": {
          "line": 50,
          "column": 21
        },
        "end": {
          "line": 50,
          "column": 50
        }
      },
      "9": {
        "start": {
          "line": 55,
          "column": 21
        },
        "end": {
          "line": 55,
          "column": 50
        }
      },
      "10": {
        "start": {
          "line": 60,
          "column": 21
        },
        "end": {
          "line": 60,
          "column": 51
        }
      },
      "11": {
        "start": {
          "line": 63,
          "column": 22
        },
        "end": {
          "line": 66,
          "column": 2
        }
      },
      "12": {
        "start": {
          "line": 68,
          "column": 2
        },
        "end": {
          "line": 71,
          "column": 29
        }
      }
    },
    "fnMap": {
      "0": {
        "name": "(anonymous_0)",
        "decl": {
          "start": {
            "line": 23,
            "column": 15
          },
          "end": {
            "line": 23,
            "column": 16
          }
        },
        "loc": {
          "start": {
            "line": 23,
            "column": 21
          },
          "end": {
            "line": 23,
            "column": 50
          }
        },
        "line": 23
      },
      "1": {
        "name": "(anonymous_1)",
        "decl": {
          "start": {
            "line": 28,
            "column": 15
          },
          "end": {
            "line": 28,
            "column": 16
          }
        },
        "loc": {
          "start": {
            "line": 28,
            "column": 21
          },
          "end": {
            "line": 28,
            "column": 54
          }
        },
        "line": 28
      },
      "2": {
        "name": "(anonymous_2)",
        "decl": {
          "start": {
            "line": 33,
            "column": 15
          },
          "end": {
            "line": 33,
            "column": 16
          }
        },
        "loc": {
          "start": {
            "line": 33,
            "column": 21
          },
          "end": {
            "line": 33,
            "column": 54
          }
        },
        "line": 33
      },
      "3": {
        "name": "(anonymous_3)",
        "decl": {
          "start": {
            "line": 38,
            "column": 15
          },
          "end": {
            "line": 38,
            "column": 16
          }
        },
        "loc": {
          "start": {
            "line": 38,
            "column": 21
          },
          "end": {
            "line": 38,
            "column": 48
          }
        },
        "line": 38
      },
      "4": {
        "name": "(anonymous_4)",
        "decl": {
          "start": {
            "line": 39,
            "column": 17
          },
          "end": {
            "line": 39,
            "column": 18
          }
        },
        "loc": {
          "start": {
            "line": 39,
            "column": 23
          },
          "end": {
            "line": 39,
            "column": 38
          }
        },
        "line": 39
      },
      "5": {
        "name": "(anonymous_5)",
        "decl": {
          "start": {
            "line": 44,
            "column": 15
          },
          "end": {
            "line": 44,
            "column": 16
          }
        },
        "loc": {
          "start": {
            "line": 44,
            "column": 21
          },
          "end": {
            "line": 44,
            "column": 51
          }
        },
        "line": 44
      },
      "6": {
        "name": "(anonymous_6)",
        "decl": {
          "start": {
            "line": 45,
            "column": 17
          },
          "end": {
            "line": 45,
            "column": 18
          }
        },
        "loc": {
          "start": {
            "line": 45,
            "column": 23
          },
          "end": {
            "line": 45,
            "column": 38
          }
        },
        "line": 45
      },
      "7": {
        "name": "(anonymous_7)",
        "decl": {
          "start": {
            "line": 50,
            "column": 15
          },
          "end": {
            "line": 50,
            "column": 16
          }
        },
        "loc": {
          "start": {
            "line": 50,
            "column": 21
          },
          "end": {
            "line": 50,
            "column": 50
          }
        },
        "line": 50
      },
      "8": {
        "name": "(anonymous_8)",
        "decl": {
          "start": {
            "line": 55,
            "column": 15
          },
          "end": {
            "line": 55,
            "column": 16
          }
        },
        "loc": {
          "start": {
            "line": 55,
            "column": 21
          },
          "end": {
            "line": 55,
            "column": 50
          }
        },
        "line": 55
      },
      "9": {
        "name": "(anonymous_9)",
        "decl": {
          "start": {
            "line": 60,
            "column": 15
          },
          "end": {
            "line": 60,
            "column": 16
          }
        },
        "loc": {
          "start": {
            "line": 60,
            "column": 21
          },
          "end": {
            "line": 60,
            "column": 51
          }
        },
        "line": 60
      },
      "10": {
        "name": "routerPush",
        "decl": {
          "start": {
            "line": 67,
            "column": 16
          },
          "end": {
            "line": 67,
            "column": 26
          }
        },
        "loc": {
          "start": {
            "line": 67,
            "column": 41
          },
          "end": {
            "line": 72,
            "column": 1
          }
        },
        "line": 67
      }
    },
    "branchMap": {
      "0": {
        "loc": {
          "start": {
            "line": 68,
            "column": 9
          },
          "end": {
            "line": 71,
            "column": 28
          }
        },
        "type": "cond-expr",
        "locations": [
          {
            "start": {
              "line": 68,
              "column": 29
            },
            "end": {
              "line": 71,
              "column": 4
            }
          },
          {
            "start": {
              "line": 71,
              "column": 7
            },
            "end": {
              "line": 71,
              "column": 28
            }
          }
        ],
        "line": 68
      }
    },
    "s": {
      "0": 2,
      "1": 0,
      "2": 0,
      "3": 0,
      "4": 0,
      "5": 0,
      "6": 0,
      "7": 0,
      "8": 0,
      "9": 0,
      "10": 0,
      "11": 2,
      "12": 0
    },
    "f": {
      "0": 0,
      "1": 0,
      "2": 0,
      "3": 0,
      "4": 0,
      "5": 0,
      "6": 0,
      "7": 0,
      "8": 0,
      "9": 0,
      "10": 0
    },
    "b": {
      "0": [
        0,
        0
      ]
    },
    "inputSourceMap": {
      "version": 3,
      "sources": [
        "C:/Users/zheng/Desktop/sccGroupAssignment/scc-project-vue3-realworld-example-app/src/router.ts"
      ],
      "mappings": "AAAA,SAAS,cAAc,4BAA4B;AAEnD,OAAO,UAAU;AACjB,SAAS,oBAAoB;AAetB,aAAM,SAA2B;AAAA,EACtC;AAAA,IACE,MAAM;AAAA,IACN,MAAM;AAAA,IACN,WAAW;AAAA,EACb;AAAA,EACA;AAAA,IACE,MAAM;AAAA,IACN,MAAM;AAAA,IACN,WAAW;AAAA,EACb;AAAA,EACA;AAAA,IACE,MAAM;AAAA,IACN,MAAM;AAAA,IACN,WAAW;AAAA,EACb;AAAA,EACA;AAAA,IACE,MAAM;AAAA,IACN,MAAM;AAAA,IACN,WAAW,MAAM,OAAO;AAAA,EAC1B;AAAA,EACA;AAAA,IACE,MAAM;AAAA,IACN,MAAM;AAAA,IACN,WAAW,MAAM,OAAO;AAAA,EAC1B;AAAA,EACA;AAAA,IACE,MAAM;AAAA,IACN,MAAM;AAAA,IACN,WAAW,MAAM,OAAO;AAAA,EAC1B;AAAA,EACA;AAAA,IACE,MAAM;AAAA,IACN,MAAM;AAAA,IACN,WAAW,MAAM,OAAO;AAAA,IACxB,aAAa,MAAM,CAAC,aAAa;AAAA,EACnC;AAAA,EACA;AAAA,IACE,MAAM;AAAA,IACN,MAAM;AAAA,IACN,WAAW,MAAM,OAAO;AAAA,IACxB,aAAa,MAAM,CAAC,aAAa;AAAA,EACnC;AAAA,EACA;AAAA,IACE,MAAM;AAAA,IACN,MAAM;AAAA,IACN,WAAW,MAAM,OAAO;AAAA,EAC1B;AAAA,EACA;AAAA,IACE,MAAM;AAAA,IACN,MAAM;AAAA,IACN,WAAW,MAAM,OAAO;AAAA,EAC1B;AAAA,EACA;AAAA,IACE,MAAM;AAAA,IACN,MAAM;AAAA,IACN,WAAW,MAAM,OAAO;AAAA,EAC1B;AACF;AACO,aAAM,SAAS,aAAa;AAAA,EACjC,SAAS,qBAAqB;AAAA,EAC9B;AACF,CAAC;AAEM,gBAAS,WAAY,MAAqB,QAAsD;AACrG,SAAO,WAAW,SACd,OAAO,KAAK;AAAA,IACZ;AAAA,IACA;AAAA,EACF,CAAC,IACC,OAAO,KAAK,EAAE,KAAK,CAAC;AAC1B;",
      "names": []
    },
    "_coverageSchema": "1a1c01bbd47fc00a2c39e90264f33305004495a9",
    "hash": "21bb6d9365f3dc3cb3c011770aa94e8e9b43d3b0"
  },
  "C:/Users/zheng/Desktop/sccGroupAssignment/scc-project-vue3-realworld-example-app/src/components/AppFooter.vue": {
    "path": "C:/Users/zheng/Desktop/sccGroupAssignment/scc-project-vue3-realworld-example-app/src/components/AppFooter.vue",
    "statementMap": {
      "0": {
        "start": {
          "line": 1,
          "column": 18
        },
        "end": {
          "line": 1,
          "column": 20
        }
      },
      "1": {
        "start": {
          "line": 4,
          "column": 19
        },
        "end": {
          "line": 4,
          "column": 41
        }
      },
      "2": {
        "start": {
          "line": 5,
          "column": 32
        },
        "end": {
          "line": 9,
          "column": 20
        }
      },
      "3": {
        "start": {
          "line": 10,
          "column": 32
        },
        "end": {
          "line": 18,
          "column": 20
        }
      },
      "4": {
        "start": {
          "line": 21,
          "column": 29
        },
        "end": {
          "line": 21,
          "column": 57
        }
      },
      "5": {
        "start": {
          "line": 23,
          "column": 2
        },
        "end": {
          "line": 37,
          "column": 5
        }
      },
      "6": {
        "start": {
          "line": 29,
          "column": 32
        },
        "end": {
          "line": 31,
          "column": 9
        }
      },
      "7": {
        "start": {
          "line": 41,
          "column": 0
        },
        "end": {
          "line": 41,
          "column": 30
        }
      },
      "8": {
        "start": {
          "line": 42,
          "column": 0
        },
        "end": {
          "line": 42,
          "column": 108
        }
      },
      "9": {
        "start": {
          "line": 43,
          "column": 0
        },
        "end": {
          "line": 51,
          "column": 2
        }
      },
      "10": {
        "start": {
          "line": 44,
          "column": 2
        },
        "end": {
          "line": 44,
          "column": 18
        }
      },
      "11": {
        "start": {
          "line": 44,
          "column": 12
        },
        "end": {
          "line": 44,
          "column": 18
        }
      },
      "12": {
        "start": {
          "line": 45,
          "column": 47
        },
        "end": {
          "line": 45,
          "column": 50
        }
      },
      "13": {
        "start": {
          "line": 46,
          "column": 2
        },
        "end": {
          "line": 50,
          "column": 3
        }
      },
      "14": {
        "start": {
          "line": 47,
          "column": 4
        },
        "end": {
          "line": 47,
          "column": 65
        }
      },
      "15": {
        "start": {
          "line": 49,
          "column": 4
        },
        "end": {
          "line": 49,
          "column": 56
        }
      }
    },
    "fnMap": {
      "0": {
        "name": "_sfc_render",
        "decl": {
          "start": {
            "line": 20,
            "column": 9
          },
          "end": {
            "line": 20,
            "column": 20
          }
        },
        "loc": {
          "start": {
            "line": 20,
            "column": 35
          },
          "end": {
            "line": 38,
            "column": 1
          }
        },
        "line": 20
      },
      "1": {
        "name": "(anonymous_1)",
        "decl": {
          "start": {
            "line": 29,
            "column": 26
          },
          "end": {
            "line": 29,
            "column": 27
          }
        },
        "loc": {
          "start": {
            "line": 29,
            "column": 32
          },
          "end": {
            "line": 31,
            "column": 9
          }
        },
        "line": 29
      },
      "2": {
        "name": "(anonymous_2)",
        "decl": {
          "start": {
            "line": 43,
            "column": 23
          },
          "end": {
            "line": 43,
            "column": 24
          }
        },
        "loc": {
          "start": {
            "line": 43,
            "column": 30
          },
          "end": {
            "line": 51,
            "column": 1
          }
        },
        "line": 43
      }
    },
    "branchMap": {
      "0": {
        "loc": {
          "start": {
            "line": 42,
            "column": 0
          },
          "end": {
            "line": 42,
            "column": 108
          }
        },
        "type": "binary-expr",
        "locations": [
          {
            "start": {
              "line": 42,
              "column": 0
            },
            "end": {
              "line": 42,
              "column": 42
            }
          },
          {
            "start": {
              "line": 42,
              "column": 46
            },
            "end": {
              "line": 42,
              "column": 108
            }
          }
        ],
        "line": 42
      },
      "1": {
        "loc": {
          "start": {
            "line": 44,
            "column": 2
          },
          "end": {
            "line": 44,
            "column": 18
          }
        },
        "type": "if",
        "locations": [
          {
            "start": {
              "line": 44,
              "column": 2
            },
            "end": {
              "line": 44,
              "column": 18
            }
          },
          {
            "start": {},
            "end": {}
          }
        ],
        "line": 44
      },
      "2": {
        "loc": {
          "start": {
            "line": 46,
            "column": 2
          },
          "end": {
            "line": 50,
            "column": 3
          }
        },
        "type": "if",
        "locations": [
          {
            "start": {
              "line": 46,
              "column": 2
            },
            "end": {
              "line": 50,
              "column": 3
            }
          },
          {
            "start": {
              "line": 48,
              "column": 9
            },
            "end": {
              "line": 50,
              "column": 3
            }
          }
        ],
        "line": 46
      }
    },
    "s": {
      "0": 2,
      "1": 2,
      "2": 2,
      "3": 2,
      "4": 2,
      "5": 2,
      "6": 4,
      "7": 2,
      "8": 2,
      "9": 2,
      "10": 0,
      "11": 0,
      "12": 0,
      "13": 0,
      "14": 0,
      "15": 0
    },
    "f": {
      "0": 2,
      "1": 4,
      "2": 0
    },
    "b": {
      "0": [
        2,
        2
      ],
      "1": [
        0,
        0
      ],
      "2": [
        0,
        0
      ]
    },
    "inputSourceMap": {
      "version": 3,
      "sources": [
        "C:/Users/zheng/Desktop/sccGroupAssignment/scc-project-vue3-realworld-example-app/src/components/AppFooter.vue"
      ],
      "names": [],
      "mappings": ";;qBAES,KAAK,EAAC,WAAW;gCAOpB,oBAEO,UAFD,KAAK,EAAC,aAAa;gCAAC,wCACa;eAAA,oBAA4C,OAAzC,IAAI,EAAC,sBAAsB,IAAC,WAAS;gCAAI,sCACnF;;gCAEF,oBAOM,SAPD,KAAK,EAAC,WAAW;eACpB,oBAKO;IAJL,KAAK,EAAC,aAAa;IACnB,KAAiB,EAAjB,cAAiB;;iBAEjB,oBAAgF,OAA7E,IAAI,EAAC,qDAAqD,IAAC,gBAAc;kCAAI,mEAClF;;;;;;;wBAlBJ,oBAoBS;IAnBP,oBAUM,OAVN,UAUM;MATJ,aAKU;QAJR,IAAI,EAAC,aAAa;QAClB,KAAK,EAAC,WAAW;;0BAClB,CAED;2BAFC,WAED;;;;MACA,UAEO;;IAET,UAOM",
      "file": "C:/Users/zheng/Desktop/sccGroupAssignment/scc-project-vue3-realworld-example-app/src/components/AppFooter.vue",
      "sourceRoot": ""
    },
    "_coverageSchema": "1a1c01bbd47fc00a2c39e90264f33305004495a9",
    "hash": "e72dec742851e528984b93dbb278a8f1047e3fc5"
  },
  "C:/Users/zheng/Desktop/sccGroupAssignment/scc-project-vue3-realworld-example-app/src/components/AppFooter.spec.ts": {
    "path": "C:/Users/zheng/Desktop/sccGroupAssignment/scc-project-vue3-realworld-example-app/src/components/AppFooter.spec.ts",
    "statementMap": {
      "0": {
        "start": {
          "line": 2,
          "column": 0
        },
        "end": {
          "line": 7,
          "column": 3
        }
      },
      "1": {
        "start": {
          "line": 3,
          "column": 2
        },
        "end": {
          "line": 6,
          "column": 5
        }
      },
      "2": {
        "start": {
          "line": 4,
          "column": 4
        },
        "end": {
          "line": 4,
          "column": 24
        }
      },
      "3": {
        "start": {
          "line": 5,
          "column": 4
        },
        "end": {
          "line": 5,
          "column": 34
        }
      }
    },
    "fnMap": {
      "0": {
        "name": "(anonymous_0)",
        "decl": {
          "start": {
            "line": 2,
            "column": 24
          },
          "end": {
            "line": 2,
            "column": 25
          }
        },
        "loc": {
          "start": {
            "line": 2,
            "column": 30
          },
          "end": {
            "line": 7,
            "column": 1
          }
        },
        "line": 2
      },
      "1": {
        "name": "(anonymous_1)",
        "decl": {
          "start": {
            "line": 3,
            "column": 32
          },
          "end": {
            "line": 3,
            "column": 33
          }
        },
        "loc": {
          "start": {
            "line": 3,
            "column": 38
          },
          "end": {
            "line": 6,
            "column": 3
          }
        },
        "line": 3
      }
    },
    "branchMap": {},
    "s": {
      "0": 2,
      "1": 2,
      "2": 2,
      "3": 2
    },
    "f": {
      "0": 2,
      "1": 2
    },
    "b": {},
    "inputSourceMap": {
      "version": 3,
      "sources": [
        "C:/Users/zheng/Desktop/sccGroupAssignment/scc-project-vue3-realworld-example-app/src/components/AppFooter.spec.ts"
      ],
      "mappings": "AAAA,OAAO,eAAe;AAEtB,SAAS,eAAe,MAAM;AAC5B,KAAG,2BAA2B,MAAM;AAClC,OAAG,MAAM,SAAS;AAElB,OAAG,SAAS,gBAAgB;AAAA,EAC9B,CAAC;AACH,CAAC;",
      "names": []
    },
    "_coverageSchema": "1a1c01bbd47fc00a2c39e90264f33305004495a9",
    "hash": "8c783ebe5c697e9bd505f2cd1eb4438523d1e91c"
  }
}